TN:
SF:src/modules/appointments/services/CreateAppointmentService.ts
FN:15,(anonymous_18)
FN:23,CreateAppointmentService
FN:30,(anonymous_20)
FNF:3
FNH:3
FNDA:1,(anonymous_18)
FNDA:2,CreateAppointmentService
FNDA:3,(anonymous_20)
DA:1,1
DA:2,1
DA:4,1
DA:15,1
DA:26,2
DA:30,1
DA:31,3
DA:32,3
DA:36,3
DA:38,3
DA:42,3
DA:43,1
DA:46,2
DA:52,2
DA:54,1
DA:56,1
LF:16
LH:16
BRDA:42,0,0,1
BRDA:42,0,1,2
BRF:2
BRH:2
end_of_record
TN:
SF:src/modules/users/services/AuthenticateUserService.ts
FN:22,(anonymous_18)
FN:23,AuthenticateUserService
FN:31,(anonymous_20)
FNF:3
FNH:3
FNDA:1,(anonymous_18)
FNDA:3,AuthenticateUserService
FNDA:3,(anonymous_20)
DA:1,1
DA:3,1
DA:5,1
DA:7,1
DA:22,1
DA:25,3
DA:28,3
DA:31,3
DA:33,3
DA:35,3
DA:36,2
DA:39,1
DA:41,1
DA:42,0
DA:45,1
DA:50,1
DA:55,1
DA:57,1
LF:18
LH:17
BRDA:33,0,0,3
BRDA:35,1,0,2
BRDA:35,1,1,1
BRDA:41,2,0,0
BRDA:41,2,1,1
BRF:5
BRH:4
end_of_record
TN:
SF:src/modules/users/services/CreateUserService.ts
FN:16,(anonymous_18)
FN:17,CreateUserService
FN:25,(anonymous_20)
FNF:3
FNH:3
FNDA:2,(anonymous_18)
FNDA:5,CreateUserService
FNDA:5,(anonymous_20)
DA:1,2
DA:2,2
DA:16,2
DA:19,5
DA:22,5
DA:25,5
DA:27,5
DA:29,5
DA:30,1
DA:33,4
DA:35,4
DA:41,4
DA:43,2
DA:45,2
LF:14
LH:14
BRDA:27,0,0,5
BRDA:29,1,0,1
BRDA:29,1,1,4
BRF:3
BRH:3
end_of_record
TN:
SF:src/modules/users/services/ResetPasswordService.ts
FN:17,(anonymous_18)
FN:18,ResetPasswordService
FN:30,(anonymous_20)
FNF:3
FNH:3
FNDA:1,(anonymous_18)
FNDA:4,ResetPasswordService
FNDA:4,(anonymous_20)
DA:2,1
DA:3,1
DA:5,1
DA:17,1
DA:20,4
DA:23,4
DA:26,4
DA:30,4
DA:31,4
DA:33,3
DA:34,0
DA:37,3
DA:39,3
DA:40,1
DA:43,2
DA:44,2
DA:46,2
DA:47,1
DA:50,1
DA:52,2
DA:55,1
DA:57,1
LF:22
LH:21
BRDA:31,0,0,4
BRDA:33,1,0,0
BRDA:33,1,1,3
BRDA:39,2,0,1
BRDA:39,2,1,2
BRDA:46,3,0,1
BRDA:46,3,1,1
BRF:7
BRH:6
end_of_record
TN:
SF:src/modules/users/services/SendForgotPasswordEmailService.ts
FN:15,(anonymous_18)
FN:16,SendForgotPasswordEmailService
FN:28,(anonymous_20)
FNF:3
FNH:3
FNDA:1,(anonymous_18)
FNDA:3,SendForgotPasswordEmailService
FNDA:3,(anonymous_20)
DA:1,1
DA:2,1
DA:4,1
DA:15,1
DA:18,3
DA:21,3
DA:24,3
DA:28,1
DA:29,3
DA:31,3
DA:32,1
DA:35,2
DA:37,2
DA:39,4
DA:58,1
DA:60,1
LF:16
LH:16
BRDA:29,0,0,3
BRDA:31,1,0,1
BRDA:31,1,1,2
BRF:3
BRH:3
end_of_record
TN:
SF:src/modules/users/services/ShowProfileService.ts
FN:14,(anonymous_18)
FN:15,ShowProfileService
FN:21,(anonymous_20)
FNF:3
FNH:3
FNDA:1,(anonymous_18)
FNDA:2,ShowProfileService
FNDA:2,(anonymous_20)
DA:1,1
DA:3,1
DA:5,1
DA:14,1
DA:17,2
DA:21,2
DA:22,2
DA:24,2
DA:25,1
DA:28,1
DA:30,1
DA:32,1
LF:12
LH:12
BRDA:22,0,0,2
BRDA:24,1,0,1
BRDA:24,1,1,1
BRF:3
BRH:3
end_of_record
TN:
SF:src/modules/users/services/UpdateProfileService.ts
FN:19,(anonymous_18)
FN:20,UpdateProfileService
FN:28,(anonymous_20)
FNF:3
FNH:3
FNDA:1,(anonymous_18)
FNDA:7,UpdateProfileService
FNDA:7,(anonymous_20)
DA:1,1
DA:3,1
DA:5,1
DA:19,1
DA:22,7
DA:25,7
DA:28,7
DA:29,7
DA:31,7
DA:32,1
DA:35,6
DA:37,6
DA:38,1
DA:41,5
DA:42,5
DA:44,5
DA:45,1
DA:48,6
DA:49,2
DA:50,2
DA:51,1
DA:55,3
DA:56,1
DA:59,6
DA:61,3
DA:63,1
DA:65,1
LF:27
LH:27
BRDA:29,0,0,7
BRDA:31,1,0,1
BRDA:31,1,1,6
BRDA:37,2,0,1
BRDA:37,2,1,5
BRDA:37,3,0,6
BRDA:37,3,1,5
BRDA:37,4,0,4
BRDA:37,4,1,2
BRDA:37,5,0,6
BRDA:37,5,1,6
BRDA:44,6,0,1
BRDA:44,6,1,4
BRDA:44,7,0,5
BRDA:44,7,1,3
BRDA:48,8,0,2
BRDA:48,8,1,2
BRDA:48,9,0,4
BRDA:48,9,1,2
BRDA:50,10,0,1
BRDA:50,10,1,1
BRDA:55,11,0,1
BRDA:55,11,1,2
BRF:23
BRH:23
end_of_record
TN:
SF:src/modules/users/services/UpdateUserAvatarService.ts
FN:16,(anonymous_18)
FN:17,UpdateUserAvatarService
FN:25,(anonymous_20)
FNF:3
FNH:3
FNDA:1,(anonymous_18)
FNDA:4,UpdateUserAvatarService
FNDA:4,(anonymous_20)
DA:1,1
DA:3,1
DA:5,1
DA:16,1
DA:19,4
DA:22,4
DA:25,4
DA:27,4
DA:29,4
DA:30,1
DA:34,5
DA:36,2
DA:39,3
DA:41,3
DA:43,6
DA:45,3
DA:47,1
DA:49,1
LF:18
LH:18
BRDA:27,0,0,4
BRDA:27,0,1,3
BRDA:29,1,0,1
BRDA:29,1,1,3
BRDA:34,2,0,2
BRDA:34,2,1,1
BRF:6
BRH:6
end_of_record
